<?xml version="1.0" encoding="UTF-8"?>
<!-- Generated by org.testng.reporters.JUnitReportReporter -->
<testsuite hostname="LAPTOP-QBTCVFMP" failures="0" tests="9" name="com.juaracoding.demoqamix.TestDemoRunner" time="105.968" errors="0" timestamp="2022-09-01T01:41:04 WIB" skipped="0">
  <testcase classname="com.juaracoding.demoqamix.TestDemoRunner" name="runScenario" time="21.249"/>
  <system-out/>
  <testcase classname="com.juaracoding.demoqamix.TestDemoRunner" name="runScenario" time="7.735"/>
  <system-out/>
  <testcase classname="com.juaracoding.demoqamix.TestDemoRunner" name="runScenario" time="23.866"/>
  <system-out/>
  <testcase classname="com.juaracoding.demoqamix.TestDemoRunner" name="runScenario" time="12.166"/>
  <system-out/>
  <testcase classname="com.juaracoding.demoqamix.TestDemoRunner" name="runScenario" time="7.434"/>
  <system-out/>
  <testcase classname="com.juaracoding.demoqamix.TestDemoRunner" name="runScenario" time="7.370"/>
  <system-out/>
  <testcase classname="com.juaracoding.demoqamix.TestDemoRunner" name="runScenario" time="10.384"/>
  <system-out/>
  <testcase classname="com.juaracoding.demoqamix.TestDemoRunner" name="runScenario" time="8.067"/>
  <system-out/>
  <testcase classname="com.juaracoding.demoqamix.TestDemoRunner" name="runScenario" time="7.697"/>
  <system-out/>
</testsuite> <!-- com.juaracoding.demoqamix.TestDemoRunner -->
